<?xml version="1.0" encoding="UTF-8" ?>
<testsuite errors="0" failures="0" hostname="BLRWKS0111" name="SuiteRunner.runDemoTestSuite" tests="1" time="104.609" timestamp="2013-06-10T14:34:03">
  <properties>
    <property name="java.vendor" value="Sun Microsystems Inc." />
    <property name="env.DEFLOGDIR" value="C:\Documents and Settings\All Users\Application Data\McAfee\DesktopProtection" />
    <property name="env.ORACLE_HOME" value="C:\oracle\ora92" />
    <property name="sun.java.launcher" value="SUN_STANDARD" />
    <property name="sun.management.compiler" value="HotSpot Client Compiler" />
    <property name="env.PROMPT" value="$P$G" />
    <property name="os.name" value="Windows XP" />
    <property name="env.FP_NO_HOST_CHECK" value="NO" />
    <property name="sun.boot.class.path" value="C:\Program Files\Java\jdk1.6.0\jre\lib\resources.jar;C:\Program Files\Java\jdk1.6.0\jre\lib\rt.jar;C:\Program Files\Java\jdk1.6.0\jre\lib\sunrsasign.jar;C:\Program Files\Java\jdk1.6.0\jre\lib\jsse.jar;C:\Program Files\Java\jdk1.6.0\jre\lib\jce.jar;C:\Program Files\Java\jdk1.6.0\jre\lib\charsets.jar;C:\Program Files\Java\jdk1.6.0\jre\classes" />
    <property name="env.COMPUTERNAME" value="BLRWKS0111" />
    <property name="env.ALLUSERSPROFILE" value="C:\Documents and Settings\All Users" />
    <property name="sun.desktop" value="windows" />
    <property name="java.vm.specification.vendor" value="Sun Microsystems Inc." />
    <property name="ant.home" value="C:\apache-ant-1.7.0" />
    <property name="java.runtime.version" value="1.6.0-b105" />
    <property name="env.HOMEPATH" value="\Documents and Settings\harshith.gowda" />
    <property name="env.__COMPAT_LAYER" value="EnableNXShowUI " />
    <property name="user.name" value="harshith.gowda" />
    <property name="env.IATF_HOME" value="F:\InfoGroupPhase1\ATFExecutor" />
    <property name="user.language" value="en" />
    <property name="sun.boot.library.path" value="C:\Program Files\Java\jdk1.6.0\jre\bin" />
    <property name="ant.project.name" value="Selenium_Web_Driver" />
    <property name="java.version" value="1.6.0" />
    <property name="env.PROCESSOR_IDENTIFIER" value="x86 Family 15 Model 6 Stepping 5, GenuineIntel" />
    <property name="user.timezone" value="" />
    <property name="env.TEMP" value="C:\DOCUME~1\HARSHI~1.GOW\LOCALS~1\Temp" />
    <property name="sun.arch.data.model" value="32" />
    <property name="java.endorsed.dirs" value="C:\Program Files\Java\jdk1.6.0\jre\lib\endorsed" />
    <property name="env.VSEDEFLOGDIR" value="C:\Documents and Settings\All Users\Application Data\McAfee\DesktopProtection" />
    <property name="env._JAVACMD" value="C:\Program Files\Java\jdk1.6.0\bin\java.exe" />
    <property name="sun.cpu.isalist" value="" />
    <property name="env.HOMEDRIVE" value="C:" />
    <property name="sun.jnu.encoding" value="Cp1252" />
    <property name="file.encoding.pkg" value="sun.io" />
    <property name="file.separator" value="\" />
    <property name="java.specification.name" value="Java Platform API Specification" />
    <property name="java.class.version" value="50.0" />
    <property name="user.country" value="US" />
    <property name="java.home" value="C:\Program Files\Java\jdk1.6.0\jre" />
    <property name="env.APPDATA" value="C:\Documents and Settings\harshith.gowda\Application Data" />
    <property name="java.vm.info" value="mixed mode, sharing" />
    <property name="env.CATALINA_HOME" value="C:\Program Files\Apache Software Foundation\Tomcat 6.0" />
    <property name="env.ComSpec" value="C:\WINDOWS\system32\cmd.exe" />
    <property name="env.OS" value="Windows_NT" />
    <property name="env.CommonProgramFiles" value="C:\Program Files\Common Files" />
    <property name="ant.file" value="F:\ComcastAutomation\build.xml" />
    <property name="os.version" value="5.1" />
    <property name="env._USE_CLASSPATH" value="yes" />
    <property name="env.SAHI_HOME" value="C:\sahi_pro" />
    <property name="path.separator" value=";" />
    <property name="java.vm.version" value="1.6.0-b105" />
    <property name="env.USERPROFILE" value="C:\Documents and Settings\harshith.gowda" />
    <property name="user.variant" value="" />
    <property name="ant.library.dir" value="C:\apache-ant-1.7.0\lib" />
    <property name="junit.output.dir" value="junit" />
    <property name="env.JAVA_HOME" value="C:\Program Files\Java\jdk1.6.0" />
    <property name="java.awt.printerjob" value="sun.awt.windows.WPrinterJob" />
    <property name="env.TMP" value="C:\DOCUME~1\HARSHI~1.GOW\LOCALS~1\Temp" />
    <property name="sun.io.unicode.encoding" value="UnicodeLittle" />
    <property name="ant.file.Selenium_Web_Driver" value="F:\ComcastAutomation\build.xml" />
    <property name="awt.toolkit" value="sun.awt.windows.WToolkit" />
    <property name="user.home" value="C:\Documents and Settings\harshith.gowda" />
    <property name="target" value="1.6" />
    <property name="env.SESSIONNAME" value="Console" />
    <property name="env.FIREFOX" value="C:\Program Files\Mozilla Firefox\firefox.exe" />
    <property name="java.specification.vendor" value="Sun Microsystems Inc." />
    <property name="env.CLASSPATH" value="C:\Program Files\Java\jdk1.6.0\bin;C:\Program Files\Apache Software Foundation\Tomcat 6.0\lib" />
    <property name="env.NUMBER_OF_PROCESSORS" value="2" />
    <property name="java.library.path" value="C:\Program Files\Java\jdk1.6.0\jre\bin;.;C:\WINDOWS\Sun\Java\bin;C:\WINDOWS\system32;C:\WINDOWS;C:\RailsInstaller\Git\cmd;C:\RailsInstaller\Ruby1.9.3\bin;C:\Program Files\Java\jdk1.6.0\bin;C:\Program Files\Java\jre1.6.0\bin;C:\Program Files\Common Files\Microsoft Shared\Microsoft Online Services;C:\WINDOWS\system32;C:\WINDOWS;C:\WINDOWS\System32\Wbem;C:\Program Files\ATI Technologies\ATI.ACE\;C:\Program Files\Apache Software Foundation\Tomcat 6.0;C:\Program Files\ZipGenius 6\;C:\apache-ant-1.7.0\bin;C:\sahi_pro\bin;C:\soapUI-Pro-4.5.0\bin;C:\oracle\ora92\bin;C:\Program Files\TortoiseSVN\bin;C:\WINDOWS\system32\WindowsPowerShell\v1.0;C:\Program Files\Microsoft SQL Server\100\Tools\Binn\VSShell\Common7\IDE\;C:\Program Files\Microsoft SQL Server\100\Tools\Binn\;C:\Program Files\Microsoft SQL Server\100\DTS\Binn\;F:\InfoGroupPhase1\ATFExecutor\lib;C:\apache-ant-1.7.0\bin;C:\Program Files\Windows Imaging\;C:\Program Files\Mozilla Firefox\firefox.exe" />
    <property name="java.vendor.url" value="http://java.sun.com/" />
    <property name="env.USERDNSDOMAIN" value="IN.VALTECH.COM" />
    <property name="java.vm.vendor" value="Sun Microsystems Inc." />
    <property name="java.runtime.name" value="Java(TM) SE Runtime Environment" />
    <property name="ant.version" value="Apache Ant version 1.7.0 compiled on December 13 2006" />
    <property name="java.class.path" value="F:\ComcastAutomation\bin;F:\ComcastAutomation\Jars\selenium-server-standalone-2.32.0.jar;C:\Program Files\Java\jdk1.6.0\bin;C:\Program Files\Apache Software Foundation\Tomcat 6.0\lib;C:\apache-ant-1.7.0\lib\ant-launcher.jar;C:\apache-ant-1.7.0\lib\ant.jar;C:\apache-ant-1.7.0\lib\ant-junit.jar" />
    <property name="env.JPDA_TRANSPORT" value="dt_socket" />
    <property name="env.SoapUI" value="C:\soapUI-Pro-4.5.0" />
    <property name="java.vm.specification.name" value="Java Virtual Machine Specification" />
    <property name="env.windir" value="C:\WINDOWS" />
    <property name="env.LOGONSERVER" value="\\INBLR-AD04" />
    <property name="java.vm.specification.version" value="1.0" />
    <property name="env.PROCESSOR_ARCHITECTURE" value="x86" />
    <property name="sun.cpu.endian" value="little" />
    <property name="sun.os.patch.level" value="Service Pack 3" />
    <property name="debuglevel" value="source,lines,vars" />
    <property name="env.ProgramFiles" value="C:\Program Files" />
    <property name="env.ANT_HOME" value="C:\apache-ant-1.7.0" />
    <property name="java.io.tmpdir" value="C:\DOCUME~1\HARSHI~1.GOW\LOCALS~1\Temp\" />
    <property name="env.UATDATA" value="C:\WINDOWS\system32\CCM\UATData\D9F8C395-CAB8-491d-B8AC-179A1FE1BE77" />
    <property name="env.PROCESSOR_REVISION" value="0605" />
    <property name="java.vendor.url.bug" value="http://java.sun.com/cgi-bin/bugreport.cgi" />
    <property name="env.SystemRoot" value="C:\WINDOWS" />
    <property name="os.arch" value="x86" />
    <property name="java.awt.graphicsenv" value="sun.awt.Win32GraphicsEnvironment" />
    <property name="env.ANT_CMD_LINE_ARGS" value="runATFTestSuite" />
    <property name="java.ext.dirs" value="C:\Program Files\Java\jdk1.6.0\jre\lib\ext;C:\WINDOWS\Sun\Java\lib\ext" />
    <property name="user.dir" value="F:\ComcastAutomation" />
    <property name="line.separator" value="
" />
    <property name="java.vm.name" value="Java HotSpot(TM) Client VM" />
    <property name="env.PATHEXT" value=".COM;.EXE;.BAT;.CMD;.VBS;.VBE;.JS;.JSE;.WSF;.WSH;.PSC1;.RB;.RBW" />
    <property name="env.JPDA_ADDRESS" value="8888" />
    <property name="env.Path" value="C:\RailsInstaller\Git\cmd;C:\RailsInstaller\Ruby1.9.3\bin;C:\Program Files\Java\jdk1.6.0\bin;C:\Program Files\Java\jre1.6.0\bin;C:\Program Files\Common Files\Microsoft Shared\Microsoft Online Services;C:\WINDOWS\system32;C:\WINDOWS;C:\WINDOWS\System32\Wbem;C:\Program Files\ATI Technologies\ATI.ACE\;C:\Program Files\Apache Software Foundation\Tomcat 6.0;C:\Program Files\ZipGenius 6\;C:\apache-ant-1.7.0\bin;C:\sahi_pro\bin;C:\soapUI-Pro-4.5.0\bin;C:\oracle\ora92\bin;C:\Program Files\TortoiseSVN\bin;C:\WINDOWS\system32\WindowsPowerShell\v1.0;C:\Program Files\Microsoft SQL Server\100\Tools\Binn\VSShell\Common7\IDE\;C:\Program Files\Microsoft SQL Server\100\Tools\Binn\;C:\Program Files\Microsoft SQL Server\100\DTS\Binn\;F:\InfoGroupPhase1\ATFExecutor\lib;C:\apache-ant-1.7.0\bin;C:\Program Files\Windows Imaging\;C:\Program Files\Mozilla Firefox\firefox.exe" />
    <property name="basedir" value="F:\ComcastAutomation" />
    <property name="ant.java.version" value="1.6" />
    <property name="ant.core.lib" value="C:\apache-ant-1.7.0\lib\ant.jar" />
    <property name="env.USERNAME" value="harshith.gowda" />
    <property name="source" value="1.6" />
    <property name="env.SystemDrive" value="C:" />
    <property name="file.encoding" value="Cp1252" />
    <property name="env.USERDOMAIN" value="IN" />
    <property name="java.specification.version" value="1.6" />
    <property name="env.PROCESSOR_LEVEL" value="15" />
  </properties>
  <testcase classname="UserManagement.UserRegistration.RegisterToXidioApplicationUsingValidCredentials" name="testUserRegistration" time="104.328" />
  <system-out><![CDATA[Xidio100613080433@test.com9995248263
Xidio100613080444@test.com9997205205
Xidio100613080444@test.comEmail : Xidio100613075424@test.com
Mobile  No: 9990785010
]]></system-out>
  <system-err><![CDATA[]]></system-err>
</testsuite>
